<?xml version="1.0" encoding="UTF-8"?>
<coverage generated="1626905597000" clover="3.2.0">
  <project timestamp="1626905597000" name="All files">
    <metrics statements="68" coveredstatements="51" conditionals="24" coveredconditionals="13" methods="21" coveredmethods="10" elements="113" coveredelements="74" complexity="0" loc="68" ncloc="68" packages="5" files="13" classes="13"/>
    <package name="components">
      <metrics statements="41" coveredstatements="27" conditionals="18" coveredconditionals="10" methods="14" coveredmethods="6"/>
      <file name="Background.js" path="/Users/benhurmartins/Desktop/react-native/marvelComics/src/components/Background.js">
        <metrics statements="2" coveredstatements="2" conditionals="2" coveredconditionals="1" methods="1" coveredmethods="1"/>
        <line num="6" count="3" type="stmt"/>
        <line num="7" count="2" type="cond" truecount="1" falsecount="1"/>
      </file>
      <file name="Button.js" path="/Users/benhurmartins/Desktop/react-native/marvelComics/src/components/Button.js">
        <metrics statements="5" coveredstatements="5" conditionals="8" coveredconditionals="7" methods="1" coveredmethods="1"/>
        <line num="6" count="3" type="stmt"/>
        <line num="15" count="7" type="stmt"/>
        <line num="17" count="7" type="stmt"/>
        <line num="26" count="7" type="stmt"/>
        <line num="33" count="3" type="stmt"/>
      </file>
      <file name="FavoriteChar.js" path="/Users/benhurmartins/Desktop/react-native/marvelComics/src/components/FavoriteChar.js">
        <metrics statements="6" coveredstatements="5" conditionals="0" coveredconditionals="0" methods="2" coveredmethods="1"/>
        <line num="7" count="3" type="stmt"/>
        <line num="8" count="3" type="stmt"/>
        <line num="9" count="3" type="stmt"/>
        <line num="11" count="3" type="stmt"/>
        <line num="21" count="0" type="stmt"/>
        <line num="27" count="3" type="stmt"/>
      </file>
      <file name="ListItem.js" path="/Users/benhurmartins/Desktop/react-native/marvelComics/src/components/ListItem.js">
        <metrics statements="5" coveredstatements="2" conditionals="0" coveredconditionals="0" methods="2" coveredmethods="0"/>
        <line num="6" count="3" type="stmt"/>
        <line num="7" count="0" type="stmt"/>
        <line num="8" count="0" type="stmt"/>
        <line num="12" count="0" type="stmt"/>
        <line num="37" count="3" type="stmt"/>
      </file>
      <file name="ListItemComic.js" path="/Users/benhurmartins/Desktop/react-native/marvelComics/src/components/ListItemComic.js">
        <metrics statements="3" coveredstatements="3" conditionals="0" coveredconditionals="0" methods="1" coveredmethods="1"/>
        <line num="6" count="4" type="stmt"/>
        <line num="7" count="5" type="stmt"/>
        <line num="34" count="4" type="stmt"/>
      </file>
      <file name="ModalChooseCharacter.js" path="/Users/benhurmartins/Desktop/react-native/marvelComics/src/components/ModalChooseCharacter.js">
        <metrics statements="20" coveredstatements="10" conditionals="8" coveredconditionals="2" methods="7" coveredmethods="2"/>
        <line num="20" count="3" type="stmt"/>
        <line num="21" count="2" type="stmt"/>
        <line num="22" count="2" type="stmt"/>
        <line num="23" count="2" type="stmt"/>
        <line num="24" count="2" type="stmt"/>
        <line num="26" count="2" type="stmt"/>
        <line num="27" count="0" type="cond" truecount="0" falsecount="2"/>
        <line num="28" count="0" type="stmt"/>
        <line num="30" count="0" type="stmt"/>
        <line num="32" count="0" type="cond" truecount="0" falsecount="2"/>
        <line num="33" count="0" type="stmt"/>
        <line num="37" count="0" type="stmt"/>
        <line num="39" count="0" type="stmt"/>
        <line num="43" count="2" type="stmt"/>
        <line num="44" count="0" type="stmt"/>
        <line num="45" count="0" type="stmt"/>
        <line num="48" count="2" type="stmt"/>
        <line num="61" count="0" type="stmt"/>
        <line num="97" count="3" type="stmt"/>
        <line num="137" count="2" type="stmt"/>
      </file>
      <file name="index.js" path="/Users/benhurmartins/Desktop/react-native/marvelComics/src/components/index.js">
        <metrics statements="0" coveredstatements="0" conditionals="0" coveredconditionals="0" methods="0" coveredmethods="0"/>
      </file>
    </package>
    <package name="reducers">
      <metrics statements="1" coveredstatements="1" conditionals="0" coveredconditionals="0" methods="0" coveredmethods="0"/>
      <file name="actionsTypes.js" path="/Users/benhurmartins/Desktop/react-native/marvelComics/src/reducers/actionsTypes.js">
        <metrics statements="1" coveredstatements="1" conditionals="0" coveredconditionals="0" methods="0" coveredmethods="0"/>
        <line num="1" count="3" type="stmt"/>
      </file>
    </package>
    <package name="scenes.home">
      <metrics statements="10" coveredstatements="7" conditionals="6" coveredconditionals="3" methods="4" coveredmethods="1"/>
      <file name="index.js" path="/Users/benhurmartins/Desktop/react-native/marvelComics/src/scenes/home/index.js">
        <metrics statements="10" coveredstatements="7" conditionals="6" coveredconditionals="3" methods="4" coveredmethods="1"/>
        <line num="21" count="1" type="stmt"/>
        <line num="22" count="2" type="stmt"/>
        <line num="23" count="2" type="stmt"/>
        <line num="24" count="2" type="stmt"/>
        <line num="25" count="2" type="cond" truecount="1" falsecount="1"/>
        <line num="34" count="2" type="stmt"/>
        <line num="38" count="0" type="stmt"/>
        <line num="65" count="0" type="stmt"/>
        <line num="70" count="0" type="stmt"/>
        <line num="73" count="1" type="stmt"/>
      </file>
    </package>
    <package name="scenes.listComics">
      <metrics statements="10" coveredstatements="10" conditionals="0" coveredconditionals="0" methods="3" coveredmethods="3"/>
      <file name="index.js" path="/Users/benhurmartins/Desktop/react-native/marvelComics/src/scenes/listComics/index.js">
        <metrics statements="10" coveredstatements="10" conditionals="0" coveredconditionals="0" methods="3" coveredmethods="3"/>
        <line num="15" count="1" type="stmt"/>
        <line num="16" count="5" type="stmt"/>
        <line num="17" count="5" type="stmt"/>
        <line num="18" count="5" type="stmt"/>
        <line num="20" count="4" type="stmt"/>
        <line num="21" count="2" type="stmt"/>
        <line num="24" count="4" type="stmt"/>
        <line num="25" count="2" type="stmt"/>
        <line num="28" count="4" type="stmt"/>
        <line num="35" count="1" type="stmt"/>
      </file>
    </package>
    <package name="styles">
      <metrics statements="6" coveredstatements="6" conditionals="0" coveredconditionals="0" methods="0" coveredmethods="0"/>
      <file name="Colors.js" path="/Users/benhurmartins/Desktop/react-native/marvelComics/src/styles/Colors.js">
        <metrics statements="4" coveredstatements="4" conditionals="0" coveredconditionals="0" methods="0" coveredmethods="0"/>
        <line num="1" count="4" type="stmt"/>
        <line num="2" count="4" type="stmt"/>
        <line num="3" count="4" type="stmt"/>
        <line num="4" count="4" type="stmt"/>
      </file>
      <file name="Dimensions.js" path="/Users/benhurmartins/Desktop/react-native/marvelComics/src/styles/Dimensions.js">
        <metrics statements="2" coveredstatements="2" conditionals="0" coveredconditionals="0" methods="0" coveredmethods="0"/>
        <line num="3" count="4" type="stmt"/>
        <line num="4" count="4" type="stmt"/>
      </file>
      <file name="index.js" path="/Users/benhurmartins/Desktop/react-native/marvelComics/src/styles/index.js">
        <metrics statements="0" coveredstatements="0" conditionals="0" coveredconditionals="0" methods="0" coveredmethods="0"/>
      </file>
    </package>
  </project>
</coverage>
