{"/Users/benhurmartins/Desktop/react-native/marvelComics/src/components/Background.js": {"path":"/Users/benhurmartins/Desktop/react-native/marvelComics/src/components/Background.js","statementMap":{"0":{"start":{"line":6,"column":19},"end":{"line":14,"column":1}},"1":{"start":{"line":7,"column":2},"end":{"line":13,"column":4}}},"fnMap":{"0":{"name":"(anonymous_0)","decl":{"start":{"line":6,"column":19},"end":{"line":6,"column":20}},"loc":{"start":{"line":6,"column":28},"end":{"line":14,"column":1}},"line":6}},"branchMap":{"0":{"loc":{"start":{"line":7,"column":9},"end":{"line":13,"column":3}},"type":"cond-expr","locations":[{"start":{"line":8,"column":4},"end":{"line":10,"column":22}},{"start":{"line":12,"column":4},"end":{"line":12,"column":70}}],"line":7}},"s":{"0":3,"1":2},"f":{"0":2},"b":{"0":[0,2]},"_coverageSchema":"1a1c01bbd47fc00a2c39e90264f33305004495a9","hash":"0701a19539fb8d0f746ce437a24e9dede2aacd77"}
,"/Users/benhurmartins/Desktop/react-native/marvelComics/src/components/Button.js": {"path":"/Users/benhurmartins/Desktop/react-native/marvelComics/src/components/Button.js","statementMap":{"0":{"start":{"line":6,"column":15},"end":{"line":31,"column":1}},"1":{"start":{"line":15,"column":21},"end":{"line":15,"column":36}},"2":{"start":{"line":17,"column":22},"end":{"line":24,"column":3}},"3":{"start":{"line":26,"column":2},"end":{"line":30,"column":4}},"4":{"start":{"line":33,"column":15},"end":{"line":43,"column":2}}},"fnMap":{"0":{"name":"(anonymous_0)","decl":{"start":{"line":6,"column":15},"end":{"line":6,"column":16}},"loc":{"start":{"line":14,"column":6},"end":{"line":31,"column":1}},"line":14}},"branchMap":{"0":{"loc":{"start":{"line":19,"column":28},"end":{"line":19,"column":71}},"type":"cond-expr","locations":[{"start":{"line":19,"column":49},"end":{"line":19,"column":67}},{"start":{"line":19,"column":70},"end":{"line":19,"column":71}}],"line":19},"1":{"loc":{"start":{"line":20,"column":29},"end":{"line":20,"column":72}},"type":"cond-expr","locations":[{"start":{"line":20,"column":50},"end":{"line":20,"column":68}},{"start":{"line":20,"column":71},"end":{"line":20,"column":72}}],"line":20},"2":{"loc":{"start":{"line":21,"column":21},"end":{"line":21,"column":63}},"type":"cond-expr","locations":[{"start":{"line":21,"column":35},"end":{"line":21,"column":46}},{"start":{"line":21,"column":49},"end":{"line":21,"column":63}}],"line":21},"3":{"loc":{"start":{"line":22,"column":17},"end":{"line":22,"column":36}},"type":"cond-expr","locations":[{"start":{"line":22,"column":31},"end":{"line":22,"column":32}},{"start":{"line":22,"column":35},"end":{"line":22,"column":36}}],"line":22}},"s":{"0":3,"1":7,"2":7,"3":7,"4":3},"f":{"0":7},"b":{"0":[2,5],"1":[2,5],"2":[0,7],"3":[5,2]},"_coverageSchema":"1a1c01bbd47fc00a2c39e90264f33305004495a9","hash":"1b8323adc311afed776995ee7ca963fcc65bad5f"}
,"/Users/benhurmartins/Desktop/react-native/marvelComics/src/components/FavoriteChar.js": {"path":"/Users/benhurmartins/Desktop/react-native/marvelComics/src/components/FavoriteChar.js","statementMap":{"0":{"start":{"line":7,"column":21},"end":{"line":25,"column":1}},"1":{"start":{"line":8,"column":30},"end":{"line":8,"column":42}},"2":{"start":{"line":9,"column":21},"end":{"line":9,"column":36}},"3":{"start":{"line":11,"column":2},"end":{"line":24,"column":4}},"4":{"start":{"line":21,"column":23},"end":{"line":21,"column":72}},"5":{"start":{"line":27,"column":15},"end":{"line":58,"column":2}}},"fnMap":{"0":{"name":"(anonymous_0)","decl":{"start":{"line":7,"column":21},"end":{"line":7,"column":22}},"loc":{"start":{"line":7,"column":41},"end":{"line":25,"column":1}},"line":7},"1":{"name":"(anonymous_1)","decl":{"start":{"line":21,"column":17},"end":{"line":21,"column":18}},"loc":{"start":{"line":21,"column":23},"end":{"line":21,"column":72}},"line":21}},"branchMap":{},"s":{"0":3,"1":3,"2":3,"3":3,"4":0,"5":3},"f":{"0":3,"1":0},"b":{},"_coverageSchema":"1a1c01bbd47fc00a2c39e90264f33305004495a9","hash":"d2ff8d87074e12ad44dc58611b45924cd387faa2"}
,"/Users/benhurmartins/Desktop/react-native/marvelComics/src/components/ListItem.js": {"path":"/Users/benhurmartins/Desktop/react-native/marvelComics/src/components/ListItem.js","statementMap":{"0":{"start":{"line":6,"column":17},"end":{"line":35,"column":1}},"1":{"start":{"line":7,"column":21},"end":{"line":7,"column":36}},"2":{"start":{"line":8,"column":2},"end":{"line":34,"column":4}},"3":{"start":{"line":12,"column":23},"end":{"line":12,"column":37}},"4":{"start":{"line":37,"column":15},"end":{"line":73,"column":2}}},"fnMap":{"0":{"name":"(anonymous_0)","decl":{"start":{"line":6,"column":17},"end":{"line":6,"column":18}},"loc":{"start":{"line":6,"column":39},"end":{"line":35,"column":1}},"line":6},"1":{"name":"(anonymous_1)","decl":{"start":{"line":12,"column":17},"end":{"line":12,"column":18}},"loc":{"start":{"line":12,"column":23},"end":{"line":12,"column":37}},"line":12}},"branchMap":{},"s":{"0":3,"1":0,"2":0,"3":0,"4":3},"f":{"0":0,"1":0},"b":{},"_coverageSchema":"1a1c01bbd47fc00a2c39e90264f33305004495a9","hash":"b5205c6280722b40a624c884c6f6e93a48016afa"}
,"/Users/benhurmartins/Desktop/react-native/marvelComics/src/components/ListItemComic.js": {"path":"/Users/benhurmartins/Desktop/react-native/marvelComics/src/components/ListItemComic.js","statementMap":{"0":{"start":{"line":6,"column":17},"end":{"line":32,"column":1}},"1":{"start":{"line":7,"column":2},"end":{"line":31,"column":4}},"2":{"start":{"line":34,"column":15},"end":{"line":72,"column":2}}},"fnMap":{"0":{"name":"(anonymous_0)","decl":{"start":{"line":6,"column":17},"end":{"line":6,"column":18}},"loc":{"start":{"line":6,"column":29},"end":{"line":32,"column":1}},"line":6}},"branchMap":{},"s":{"0":4,"1":5,"2":4},"f":{"0":5},"b":{},"_coverageSchema":"1a1c01bbd47fc00a2c39e90264f33305004495a9","hash":"5f03dcaa63d02ca389c10c24066819f787cfd889"}
,"/Users/benhurmartins/Desktop/react-native/marvelComics/src/components/ModalChooseCharacter.js": {"path":"/Users/benhurmartins/Desktop/react-native/marvelComics/src/components/ModalChooseCharacter.js","statementMap":{"0":{"start":{"line":20,"column":29},"end":{"line":95,"column":1}},"1":{"start":{"line":21,"column":19},"end":{"line":21,"column":32}},"2":{"start":{"line":22,"column":26},"end":{"line":22,"column":38}},"3":{"start":{"line":23,"column":38},"end":{"line":23,"column":50}},"4":{"start":{"line":24,"column":19},"end":{"line":24,"column":32}},"5":{"start":{"line":26,"column":29},"end":{"line":41,"column":3}},"6":{"start":{"line":27,"column":4},"end":{"line":40,"column":5}},"7":{"start":{"line":28,"column":6},"end":{"line":28,"column":71}},"8":{"start":{"line":30,"column":6},"end":{"line":39,"column":40}},"9":{"start":{"line":32,"column":10},"end":{"line":36,"column":14}},"10":{"start":{"line":33,"column":12},"end":{"line":36,"column":14}},"11":{"start":{"line":37,"column":10},"end":{"line":37,"column":31}},"12":{"start":{"line":39,"column":22},"end":{"line":39,"column":38}},"13":{"start":{"line":43,"column":24},"end":{"line":46,"column":3}},"14":{"start":{"line":44,"column":4},"end":{"line":44,"column":52}},"15":{"start":{"line":45,"column":4},"end":{"line":45,"column":17}},"16":{"start":{"line":48,"column":2},"end":{"line":94,"column":4}},"17":{"start":{"line":61,"column":14},"end":{"line":65,"column":16}},"18":{"start":{"line":97,"column":15},"end":{"line":141,"column":2}},"19":{"start":{"line":137,"column":4},"end":{"line":139,"column":6}}},"fnMap":{"0":{"name":"(anonymous_0)","decl":{"start":{"line":20,"column":29},"end":{"line":20,"column":30}},"loc":{"start":{"line":20,"column":58},"end":{"line":95,"column":1}},"line":20},"1":{"name":"(anonymous_1)","decl":{"start":{"line":26,"column":29},"end":{"line":26,"column":30}},"loc":{"start":{"line":26,"column":35},"end":{"line":41,"column":3}},"line":26},"2":{"name":"(anonymous_2)","decl":{"start":{"line":31,"column":14},"end":{"line":31,"column":15}},"loc":{"start":{"line":31,"column":23},"end":{"line":38,"column":9}},"line":31},"3":{"name":"(anonymous_3)","decl":{"start":{"line":39,"column":15},"end":{"line":39,"column":16}},"loc":{"start":{"line":39,"column":22},"end":{"line":39,"column":38}},"line":39},"4":{"name":"(anonymous_4)","decl":{"start":{"line":43,"column":24},"end":{"line":43,"column":25}},"loc":{"start":{"line":43,"column":32},"end":{"line":46,"column":3}},"line":43},"5":{"name":"(anonymous_5)","decl":{"start":{"line":60,"column":28},"end":{"line":60,"column":29}},"loc":{"start":{"line":61,"column":14},"end":{"line":65,"column":16}},"line":61},"6":{"name":"(anonymous_6)","decl":{"start":{"line":136,"column":22},"end":{"line":136,"column":23}},"loc":{"start":{"line":136,"column":33},"end":{"line":140,"column":3}},"line":136}},"branchMap":{"0":{"loc":{"start":{"line":27,"column":4},"end":{"line":40,"column":5}},"type":"if","locations":[{"start":{"line":27,"column":4},"end":{"line":40,"column":5}},{"start":{"line":27,"column":4},"end":{"line":40,"column":5}}],"line":27},"1":{"loc":{"start":{"line":32,"column":10},"end":{"line":36,"column":14}},"type":"if","locations":[{"start":{"line":32,"column":10},"end":{"line":36,"column":14}},{"start":{"line":32,"column":10},"end":{"line":36,"column":14}}],"line":32},"2":{"loc":{"start":{"line":58,"column":14},"end":{"line":58,"column":71}},"type":"cond-expr","locations":[{"start":{"line":58,"column":39},"end":{"line":58,"column":67}},{"start":{"line":58,"column":70},"end":{"line":58,"column":71}}],"line":58},"3":{"loc":{"start":{"line":72,"column":24},"end":{"line":74,"column":21}},"type":"cond-expr","locations":[{"start":{"line":73,"column":20},"end":{"line":73,"column":48}},{"start":{"line":74,"column":20},"end":{"line":74,"column":21}}],"line":72}},"s":{"0":3,"1":2,"2":2,"3":2,"4":2,"5":2,"6":0,"7":0,"8":0,"9":0,"10":0,"11":0,"12":0,"13":2,"14":0,"15":0,"16":2,"17":0,"18":3,"19":2},"f":{"0":2,"1":0,"2":0,"3":0,"4":0,"5":0,"6":2},"b":{"0":[0,0],"1":[0,0],"2":[0,2],"3":[0,2]},"_coverageSchema":"1a1c01bbd47fc00a2c39e90264f33305004495a9","hash":"98de74878279067152c614dcb9e460207ba95c4a"}
,"/Users/benhurmartins/Desktop/react-native/marvelComics/src/components/index.js": {"path":"/Users/benhurmartins/Desktop/react-native/marvelComics/src/components/index.js","statementMap":{},"fnMap":{},"branchMap":{},"s":{},"f":{},"b":{},"_coverageSchema":"1a1c01bbd47fc00a2c39e90264f33305004495a9","hash":"36863d66903337748cb2a75edb75fb0b44e5f2d1"}
,"/Users/benhurmartins/Desktop/react-native/marvelComics/src/reducers/actionsTypes.js": {"path":"/Users/benhurmartins/Desktop/react-native/marvelComics/src/reducers/actionsTypes.js","statementMap":{"0":{"start":{"line":1,"column":24},"end":{"line":1,"column":34}}},"fnMap":{},"branchMap":{},"s":{"0":3},"f":{},"b":{},"_coverageSchema":"1a1c01bbd47fc00a2c39e90264f33305004495a9","hash":"f90cb07fec9999eceebb4a22a6db8735f1da4872"}
,"/Users/benhurmartins/Desktop/react-native/marvelComics/src/scenes/home/index.js": {"path":"/Users/benhurmartins/Desktop/react-native/marvelComics/src/scenes/home/index.js","statementMap":{"0":{"start":{"line":21,"column":13},"end":{"line":71,"column":1}},"1":{"start":{"line":22,"column":25},"end":{"line":22,"column":69}},"2":{"start":{"line":22,"column":46},"end":{"line":22,"column":68}},"3":{"start":{"line":23,"column":21},"end":{"line":23,"column":36}},"4":{"start":{"line":24,"column":36},"end":{"line":24,"column":51}},"5":{"start":{"line":25,"column":16},"end":{"line":32,"column":11}},"6":{"start":{"line":34,"column":2},"end":{"line":69,"column":4}},"7":{"start":{"line":38,"column":26},"end":{"line":38,"column":45}},"8":{"start":{"line":65,"column":25},"end":{"line":65,"column":43}},"9":{"start":{"line":70,"column":2},"end":{"line":70,"column":4}},"10":{"start":{"line":73,"column":15},"end":{"line":107,"column":2}}},"fnMap":{"0":{"name":"(anonymous_0)","decl":{"start":{"line":21,"column":13},"end":{"line":21,"column":14}},"loc":{"start":{"line":21,"column":19},"end":{"line":71,"column":1}},"line":21},"1":{"name":"(anonymous_1)","decl":{"start":{"line":22,"column":37},"end":{"line":22,"column":38}},"loc":{"start":{"line":22,"column":46},"end":{"line":22,"column":68}},"line":22},"2":{"name":"(anonymous_2)","decl":{"start":{"line":38,"column":20},"end":{"line":38,"column":21}},"loc":{"start":{"line":38,"column":26},"end":{"line":38,"column":45}},"line":38},"3":{"name":"(anonymous_3)","decl":{"start":{"line":65,"column":19},"end":{"line":65,"column":20}},"loc":{"start":{"line":65,"column":25},"end":{"line":65,"column":43}},"line":65}},"branchMap":{"0":{"loc":{"start":{"line":25,"column":16},"end":{"line":32,"column":11}},"type":"cond-expr","locations":[{"start":{"line":26,"column":6},"end":{"line":31,"column":7}},{"start":{"line":32,"column":6},"end":{"line":32,"column":11}}],"line":25},"1":{"loc":{"start":{"line":59,"column":9},"end":{"line":59,"column":75}},"type":"cond-expr","locations":[{"start":{"line":59,"column":24},"end":{"line":59,"column":68}},{"start":{"line":59,"column":71},"end":{"line":59,"column":75}}],"line":59},"2":{"loc":{"start":{"line":63,"column":17},"end":{"line":63,"column":77}},"type":"cond-expr","locations":[{"start":{"line":63,"column":38},"end":{"line":63,"column":56}},{"start":{"line":63,"column":59},"end":{"line":63,"column":77}}],"line":63}},"s":{"0":1,"1":2,"2":0,"3":2,"4":2,"5":2,"6":2,"7":0,"8":0,"9":0,"10":1},"f":{"0":2,"1":0,"2":0,"3":0},"b":{"0":[0,2],"1":[0,2],"2":[0,2]},"_coverageSchema":"1a1c01bbd47fc00a2c39e90264f33305004495a9","hash":"a30fe85768ac0dc355a0e9f7a3301f6e3ab8748a"}
,"/Users/benhurmartins/Desktop/react-native/marvelComics/src/scenes/listComics/index.js": {"path":"/Users/benhurmartins/Desktop/react-native/marvelComics/src/scenes/listComics/index.js","statementMap":{"0":{"start":{"line":15,"column":19},"end":{"line":33,"column":1}},"1":{"start":{"line":16,"column":16},"end":{"line":16,"column":26}},"2":{"start":{"line":17,"column":25},"end":{"line":17,"column":37}},"3":{"start":{"line":18,"column":30},"end":{"line":18,"column":42}},"4":{"start":{"line":20,"column":2},"end":{"line":22,"column":9}},"5":{"start":{"line":21,"column":4},"end":{"line":21,"column":75}},"6":{"start":{"line":24,"column":2},"end":{"line":26,"column":4}},"7":{"start":{"line":25,"column":4},"end":{"line":25,"column":41}},"8":{"start":{"line":28,"column":2},"end":{"line":32,"column":4}},"9":{"start":{"line":35,"column":15},"end":{"line":41,"column":2}}},"fnMap":{"0":{"name":"(anonymous_0)","decl":{"start":{"line":15,"column":19},"end":{"line":15,"column":20}},"loc":{"start":{"line":15,"column":25},"end":{"line":33,"column":1}},"line":15},"1":{"name":"(anonymous_1)","decl":{"start":{"line":20,"column":12},"end":{"line":20,"column":13}},"loc":{"start":{"line":20,"column":18},"end":{"line":22,"column":3}},"line":20},"2":{"name":"(anonymous_2)","decl":{"start":{"line":24,"column":18},"end":{"line":24,"column":19}},"loc":{"start":{"line":24,"column":26},"end":{"line":26,"column":3}},"line":24}},"branchMap":{},"s":{"0":1,"1":5,"2":5,"3":5,"4":4,"5":2,"6":4,"7":2,"8":4,"9":1},"f":{"0":5,"1":2,"2":2},"b":{},"_coverageSchema":"1a1c01bbd47fc00a2c39e90264f33305004495a9","hash":"5691abd64af0645e3ae2e97f90bf7640ec18de81"}
,"/Users/benhurmartins/Desktop/react-native/marvelComics/src/styles/Colors.js": {"path":"/Users/benhurmartins/Desktop/react-native/marvelComics/src/styles/Colors.js","statementMap":{"0":{"start":{"line":1,"column":21},"end":{"line":1,"column":30}},"1":{"start":{"line":2,"column":26},"end":{"line":2,"column":35}},"2":{"start":{"line":3,"column":23},"end":{"line":3,"column":32}},"3":{"start":{"line":4,"column":25},"end":{"line":4,"column":34}}},"fnMap":{},"branchMap":{},"s":{"0":4,"1":4,"2":4,"3":4},"f":{},"b":{},"_coverageSchema":"1a1c01bbd47fc00a2c39e90264f33305004495a9","hash":"c8713cc4ec950edbee4911fd9848c4ff77b14882"}
,"/Users/benhurmartins/Desktop/react-native/marvelComics/src/styles/Dimensions.js": {"path":"/Users/benhurmartins/Desktop/react-native/marvelComics/src/styles/Dimensions.js","statementMap":{"0":{"start":{"line":3,"column":29},"end":{"line":3,"column":59}},"1":{"start":{"line":4,"column":28},"end":{"line":4,"column":58}}},"fnMap":{},"branchMap":{},"s":{"0":4,"1":4},"f":{},"b":{},"_coverageSchema":"1a1c01bbd47fc00a2c39e90264f33305004495a9","hash":"fca3b8752fbcfd2b9d2a203d3a6fef31f0cc1c21"}
,"/Users/benhurmartins/Desktop/react-native/marvelComics/src/styles/index.js": {"path":"/Users/benhurmartins/Desktop/react-native/marvelComics/src/styles/index.js","statementMap":{},"fnMap":{},"branchMap":{},"s":{},"f":{},"b":{},"_coverageSchema":"1a1c01bbd47fc00a2c39e90264f33305004495a9","hash":"743371ea4c90f958228284648ac90a48e60a9dd5"}
}
