TN:
SF:src/components/Background.js
FN:6,(anonymous_0)
FNF:1
FNH:1
FNDA:2,(anonymous_0)
DA:6,3
DA:7,2
LF:2
LH:2
BRDA:7,0,0,0
BRDA:7,0,1,2
BRF:2
BRH:1
end_of_record
TN:
SF:src/components/Button.js
FN:6,(anonymous_0)
FNF:1
FNH:1
FNDA:7,(anonymous_0)
DA:6,3
DA:15,7
DA:17,7
DA:26,7
DA:33,3
LF:5
LH:5
BRDA:19,0,0,2
BRDA:19,0,1,5
BRDA:20,1,0,2
BRDA:20,1,1,5
BRDA:21,2,0,0
BRDA:21,2,1,7
BRDA:22,3,0,5
BRDA:22,3,1,2
BRF:8
BRH:7
end_of_record
TN:
SF:src/components/FavoriteChar.js
FN:7,(anonymous_0)
FN:21,(anonymous_1)
FNF:2
FNH:1
FNDA:3,(anonymous_0)
FNDA:0,(anonymous_1)
DA:7,3
DA:8,3
DA:9,3
DA:11,3
DA:21,0
DA:27,3
LF:6
LH:5
BRF:0
BRH:0
end_of_record
TN:
SF:src/components/ListItem.js
FN:6,(anonymous_0)
FN:12,(anonymous_1)
FNF:2
FNH:0
FNDA:0,(anonymous_0)
FNDA:0,(anonymous_1)
DA:6,3
DA:7,0
DA:8,0
DA:12,0
DA:37,3
LF:5
LH:2
BRF:0
BRH:0
end_of_record
TN:
SF:src/components/ListItemComic.js
FN:6,(anonymous_0)
FNF:1
FNH:1
FNDA:5,(anonymous_0)
DA:6,4
DA:7,5
DA:34,4
LF:3
LH:3
BRF:0
BRH:0
end_of_record
TN:
SF:src/components/ModalChooseCharacter.js
FN:20,(anonymous_0)
FN:26,(anonymous_1)
FN:31,(anonymous_2)
FN:39,(anonymous_3)
FN:43,(anonymous_4)
FN:60,(anonymous_5)
FN:136,(anonymous_6)
FNF:7
FNH:2
FNDA:2,(anonymous_0)
FNDA:0,(anonymous_1)
FNDA:0,(anonymous_2)
FNDA:0,(anonymous_3)
FNDA:0,(anonymous_4)
FNDA:0,(anonymous_5)
FNDA:2,(anonymous_6)
DA:20,3
DA:21,2
DA:22,2
DA:23,2
DA:24,2
DA:26,2
DA:27,0
DA:28,0
DA:30,0
DA:32,0
DA:33,0
DA:37,0
DA:39,0
DA:43,2
DA:44,0
DA:45,0
DA:48,2
DA:61,0
DA:97,3
DA:137,2
LF:20
LH:10
BRDA:27,0,0,0
BRDA:27,0,1,0
BRDA:32,1,0,0
BRDA:32,1,1,0
BRDA:58,2,0,0
BRDA:58,2,1,2
BRDA:72,3,0,0
BRDA:72,3,1,2
BRF:8
BRH:2
end_of_record
TN:
SF:src/components/index.js
FNF:0
FNH:0
LF:0
LH:0
BRF:0
BRH:0
end_of_record
TN:
SF:src/reducers/actionsTypes.js
FNF:0
FNH:0
DA:1,3
LF:1
LH:1
BRF:0
BRH:0
end_of_record
TN:
SF:src/scenes/home/index.js
FN:21,(anonymous_0)
FN:22,(anonymous_1)
FN:38,(anonymous_2)
FN:65,(anonymous_3)
FNF:4
FNH:1
FNDA:2,(anonymous_0)
FNDA:0,(anonymous_1)
FNDA:0,(anonymous_2)
FNDA:0,(anonymous_3)
DA:21,1
DA:22,2
DA:23,2
DA:24,2
DA:25,2
DA:34,2
DA:38,0
DA:65,0
DA:70,0
DA:73,1
LF:10
LH:7
BRDA:25,0,0,0
BRDA:25,0,1,2
BRDA:59,1,0,0
BRDA:59,1,1,2
BRDA:63,2,0,0
BRDA:63,2,1,2
BRF:6
BRH:3
end_of_record
TN:
SF:src/scenes/listComics/index.js
FN:15,(anonymous_0)
FN:20,(anonymous_1)
FN:24,(anonymous_2)
FNF:3
FNH:3
FNDA:5,(anonymous_0)
FNDA:2,(anonymous_1)
FNDA:2,(anonymous_2)
DA:15,1
DA:16,5
DA:17,5
DA:18,5
DA:20,4
DA:21,2
DA:24,4
DA:25,2
DA:28,4
DA:35,1
LF:10
LH:10
BRF:0
BRH:0
end_of_record
TN:
SF:src/styles/Colors.js
FNF:0
FNH:0
DA:1,4
DA:2,4
DA:3,4
DA:4,4
LF:4
LH:4
BRF:0
BRH:0
end_of_record
TN:
SF:src/styles/Dimensions.js
FNF:0
FNH:0
DA:3,4
DA:4,4
LF:2
LH:2
BRF:0
BRH:0
end_of_record
TN:
SF:src/styles/index.js
FNF:0
FNH:0
LF:0
LH:0
BRF:0
BRH:0
end_of_record
